2021-08-08 04:27:26.256 [main] INFO  com.arslinth.ArslinthBootApplication - Starting ArslinthBootApplication on Arslinth-PC with PID 4132 (E:\Java project\ArslinthBoot-jwt\target\classes started by Arslinth in E:\Java project\ArslinthBoot-jwt)
2021-08-08 04:27:26.264 [main] INFO  com.arslinth.ArslinthBootApplication - The following profiles are active: dev
2021-08-08 04:27:27.022 [main] INFO  org.springframework.data.repository.config.RepositoryConfigurationDelegate - Multiple Spring Data modules found, entering strict repository configuration mode!
2021-08-08 04:27:27.024 [main] INFO  org.springframework.data.repository.config.RepositoryConfigurationDelegate - Bootstrapping Spring Data Redis repositories in DEFAULT mode.
2021-08-08 04:27:27.052 [main] INFO  org.springframework.data.repository.config.RepositoryConfigurationDelegate - Finished Spring Data repository scanning in 18ms. Found 0 Redis repository interfaces.
2021-08-08 04:27:27.266 [main] INFO  org.springframework.context.support.PostProcessorRegistrationDelegate$BeanPostProcessorChecker - Bean 'org.springframework.retry.annotation.RetryConfiguration' of type [org.springframework.retry.annotation.RetryConfiguration$$EnhancerBySpringCGLIB$$cfc26f94] is not eligible for getting processed by all BeanPostProcessors (for example: not eligible for auto-proxying)
2021-08-08 04:27:27.298 [main] INFO  org.springframework.context.support.PostProcessorRegistrationDelegate$BeanPostProcessorChecker - Bean 'org.springframework.security.access.expression.method.DefaultMethodSecurityExpressionHandler@64021427' of type [org.springframework.security.access.expression.method.DefaultMethodSecurityExpressionHandler] is not eligible for getting processed by all BeanPostProcessors (for example: not eligible for auto-proxying)
2021-08-08 04:27:27.301 [main] INFO  org.springframework.context.support.PostProcessorRegistrationDelegate$BeanPostProcessorChecker - Bean 'methodSecurityMetadataSource' of type [org.springframework.security.access.method.DelegatingMethodSecurityMetadataSource] is not eligible for getting processed by all BeanPostProcessors (for example: not eligible for auto-proxying)
2021-08-08 04:27:27.309 [main] INFO  org.springframework.context.support.PostProcessorRegistrationDelegate$BeanPostProcessorChecker - Bean 'redisConfig' of type [com.arslinth.config.redis.RedisConfig$$EnhancerBySpringCGLIB$$f21cf5f0] is not eligible for getting processed by all BeanPostProcessors (for example: not eligible for auto-proxying)
2021-08-08 04:27:27.489 [main] INFO  org.springframework.boot.web.embedded.tomcat.TomcatWebServer - Tomcat initialized with port(s): 8800 (http)
2021-08-08 04:27:27.495 [main] INFO  org.apache.coyote.http11.Http11NioProtocol - Initializing ProtocolHandler ["http-nio-8800"]
2021-08-08 04:27:27.495 [main] INFO  org.apache.catalina.core.StandardService - Starting service [Tomcat]
2021-08-08 04:27:27.495 [main] INFO  org.apache.catalina.core.StandardEngine - Starting Servlet engine: [Apache Tomcat/9.0.35]
2021-08-08 04:27:27.571 [main] INFO  org.apache.catalina.core.ContainerBase.[Tomcat].[localhost].[/api] - Initializing Spring embedded WebApplicationContext
2021-08-08 04:27:27.571 [main] INFO  org.springframework.web.context.ContextLoader - Root WebApplicationContext: initialization completed in 1280 ms
2021-08-08 04:27:27.619 [main] INFO  com.arslinth.config.xss.XssFilter - 初始化XssFilter过滤器....
2021-08-08 04:27:27.658 [main] INFO  com.alibaba.druid.spring.boot.autoconfigure.DruidDataSourceAutoConfigure - Init DruidDataSource
2021-08-08 04:27:28.102 [main] INFO  com.alibaba.druid.pool.DruidDataSource - {dataSource-1} inited
2021-08-08 04:27:28.619 [main] WARN  com.baomidou.mybatisplus.core.metadata.TableInfoHelper - Can not find table primary key in Class: "com.arslinth.entity.VO.RoleAuths".
2021-08-08 04:27:28.756 [main] WARN  com.baomidou.mybatisplus.core.metadata.TableInfoHelper - This primary key of "id" is primitive !不建议如此请使用包装类 in Class: "com.arslinth.entity.Motto"
2021-08-08 04:27:28.845 [main] WARN  com.baomidou.mybatisplus.core.metadata.TableInfoHelper - Can not find table primary key in Class: "com.arslinth.entity.JustAuthUser".
2021-08-08 04:27:29.092 [main] INFO  springfox.documentation.spring.web.PropertySourcedRequestMappingHandlerMapping - Mapped URL path [/v2/api-docs] onto method [springfox.documentation.swagger2.web.Swagger2Controller#getDocumentation(String, HttpServletRequest)]
2021-08-08 04:27:29.108 [main] INFO  org.springframework.scheduling.concurrent.ThreadPoolTaskExecutor - Initializing ExecutorService
2021-08-08 04:27:29.109 [main] INFO  org.springframework.scheduling.concurrent.ThreadPoolTaskExecutor - Initializing ExecutorService 'taskExecutor'
2021-08-08 04:27:29.116 [main] INFO  com.arslinth.config.redis.RedisConfig - 初始化 -> [Redis CacheErrorHandler]
2021-08-08 04:27:29.190 [main] INFO  org.springframework.security.web.DefaultSecurityFilterChain - Creating filter chain: any request, [org.springframework.security.web.context.request.async.WebAsyncManagerIntegrationFilter@3462e99a, org.springframework.security.web.context.SecurityContextPersistenceFilter@30811f91, org.springframework.security.web.header.HeaderWriterFilter@462b239f, org.springframework.web.filter.CorsFilter@33f4c769, org.springframework.security.web.authentication.logout.LogoutFilter@5b3ee43e, com.arslinth.config.mobile.MobileCodeAuthenticationFilter@5300694d, com.arslinth.config.justauth.JustAuthenticationFilter@7320750c, com.arslinth.config.jwt.JwtLoginAuthenticationFilter@2570851e, com.arslinth.config.jwt.JwtAuthenticationFilter@67d8613, org.springframework.security.web.savedrequest.RequestCacheAwareFilter@665f88e1, org.springframework.security.web.servletapi.SecurityContextHolderAwareRequestFilter@7c37ac3c, org.springframework.security.web.authentication.AnonymousAuthenticationFilter@5667dd90, org.springframework.security.web.session.SessionManagementFilter@2d5e051e, org.springframework.security.web.access.ExceptionTranslationFilter@9976b27, org.springframework.security.web.access.intercept.FilterSecurityInterceptor@3ac326c0]
2021-08-08 04:27:29.494 [main] INFO  org.apache.coyote.http11.Http11NioProtocol - Starting ProtocolHandler ["http-nio-8800"]
2021-08-08 04:27:29.541 [main] INFO  org.springframework.boot.web.embedded.tomcat.TomcatWebServer - Tomcat started on port(s): 8800 (http) with context path '/api'
2021-08-08 04:27:29.542 [main] INFO  springfox.documentation.spring.web.plugins.DocumentationPluginsBootstrapper - Context refreshed
2021-08-08 04:27:29.553 [main] INFO  springfox.documentation.spring.web.plugins.DocumentationPluginsBootstrapper - Found 1 custom documentation plugin(s)
2021-08-08 04:27:29.575 [main] INFO  springfox.documentation.spring.web.scanners.ApiListingReferenceScanner - Scanning for api listing references
2021-08-08 04:27:29.699 [main] INFO  springfox.documentation.spring.web.readers.operation.CachingOperationNameGenerator - Generating unique operation named: applyFriendUsingPOST_1
2021-08-08 04:27:29.771 [main] INFO  com.arslinth.ArslinthBootApplication - Started ArslinthBootApplication in 3.784 seconds (JVM running for 4.488)
2021-08-08 04:28:28.202 [http-nio-8800-exec-1] INFO  org.apache.catalina.core.ContainerBase.[Tomcat].[localhost].[/api] - Initializing Spring DispatcherServlet 'dispatcherServlet'
2021-08-08 04:28:28.203 [http-nio-8800-exec-1] INFO  org.springframework.web.servlet.DispatcherServlet - Initializing Servlet 'dispatcherServlet'
2021-08-08 04:28:28.208 [http-nio-8800-exec-1] INFO  org.springframework.web.servlet.DispatcherServlet - Completed initialization in 5 ms
2021-08-08 04:28:28.250 [http-nio-8800-exec-1] WARN  com.alibaba.druid.pool.DruidAbstractDataSource - discard long time none received connection. , jdbcUrl : jdbc:mysql://localhost:3306/arslinth?serverTimezone=GMT%2B8&useUnicode=true&characterEncoding=utf-8, version : 1.2.5, lastPacketReceivedIdleMillis : 60148
2021-08-08 04:28:28.251 [http-nio-8800-exec-1] WARN  com.alibaba.druid.pool.DruidAbstractDataSource - discard long time none received connection. , jdbcUrl : jdbc:mysql://localhost:3306/arslinth?serverTimezone=GMT%2B8&useUnicode=true&characterEncoding=utf-8, version : 1.2.5, lastPacketReceivedIdleMillis : 60164
2021-08-08 04:28:28.252 [http-nio-8800-exec-1] WARN  com.alibaba.druid.pool.DruidAbstractDataSource - discard long time none received connection. , jdbcUrl : jdbc:mysql://localhost:3306/arslinth?serverTimezone=GMT%2B8&useUnicode=true&characterEncoding=utf-8, version : 1.2.5, lastPacketReceivedIdleMillis : 60177
2021-08-08 04:28:28.252 [http-nio-8800-exec-1] WARN  com.alibaba.druid.pool.DruidAbstractDataSource - discard long time none received connection. , jdbcUrl : jdbc:mysql://localhost:3306/arslinth?serverTimezone=GMT%2B8&useUnicode=true&characterEncoding=utf-8, version : 1.2.5, lastPacketReceivedIdleMillis : 60188
2021-08-08 04:28:28.254 [http-nio-8800-exec-1] WARN  com.alibaba.druid.pool.DruidAbstractDataSource - discard long time none received connection. , jdbcUrl : jdbc:mysql://localhost:3306/arslinth?serverTimezone=GMT%2B8&useUnicode=true&characterEncoding=utf-8, version : 1.2.5, lastPacketReceivedIdleMillis : 60206
